<?xml version="1.0" encoding="UTF-8"?>
<!-- Generated by org.testng.reporters.JUnitReportReporter -->
<testsuite skipped="0" hostname="ATMECSINLT-084" name="com.assessment.atmecs.testscript.Explorenowpage" tests="1" failures="0" timestamp="2019-10-03T18:50:52 IST" time="10.605" errors="0">
  <testcase name="explorenow_validation" time="10.605" classname="com.assessment.atmecs.testscript.Explorenowpage"/>
</testsuite> <!-- com.assessment.atmecs.testscript.Explorenowpage -->
