<?xml version="1.0" encoding="UTF-8"?>
<!-- Generated by org.testng.reporters.JUnitReportReporter -->
<testsuite skipped="0" hostname="ATMECSINLT-084" name="com.assessment.atmecs.testscript.AtmecsHome" tests="1" failures="0" timestamp="2019-10-03T18:50:52 IST" time="49.889" errors="0">
  <testcase name="moreinfo_validation" time="49.889" classname="com.assessment.atmecs.testscript.AtmecsHome"/>
</testsuite> <!-- com.assessment.atmecs.testscript.AtmecsHome -->
