<?xml version="1.0" encoding="UTF-8"?>
<!-- Generated by org.testng.reporters.JUnitReportReporter -->
<testsuite skipped="0" hostname="ATMECSINLT-084" name="com.assessment.atmecs.pages.HomePageclass" tests="1" failures="0" timestamp="30 Sep 2019 16:17:35 GMT" time="20.385" errors="0">
  <testcase name="footercheck" time="20.385" classname="com.assessment.atmecs.pages.HomePageclass"/>
</testsuite> <!-- com.assessment.atmecs.pages.HomePageclass -->
